This is pdfTeX, Version 3.141592653-2.6-1.40.26 (TeX Live 2024) (preloaded format=latex 2024.9.12)  10 NOV 2025 00:09
entering extended mode
 restricted \write18 enabled.
 %&-line parsing enabled.
**\makeatletter\def\HCode{\futurelet\HCode\HChar}\def\HChar{\ifx"\HCode\def\HCo
de"##1"{\Link##1}\expandafter\HCode\else\expandafter\Link\fi}\def\Link#1.a.b.c.
{\let\HCode\documentstyle\def\documentstyle{\let\documentstyle\HCode\expandafte
r\def\csname tex4ht\endcsname{#1,html}\def\HCode####1{\documentstyle[tex4ht,}\@
ifnextchar[{\HCode}{\documentstyle[tex4ht]}}\RequirePackage[#1,html]{tex4ht}}\m
akeatother\HCode xhtml,tikz+,pic-m,pic-equation,pic-align,svg,charset=utf-8,htm
l5.a.b.c.\input "\detokenize{spectral.tex}"
(/usr/local/texlive/2024/texmf-dist/tex/generic/tex4ht/tex4ht.sty
version 2024-01-23-13:44
Package: tex4ht 
--------------------------------------
--- Note --- for _ at preamble, use the command line option `early_'
--------------------------------------
--------------------------------------
--- Note --- for ^ at preamble, use the command line option `early^'
--------------------------------------
\tmp:toks=\toks17
) (./spectral.tex (/usr/local/texlive/2024/texmf-dist/tex/generic/tex4ht/usepac
kage.4ht
version 2024-03-05-14:34
) (/usr/local/texlive/2024/texmf-dist/tex/latex/base/article.cls
Document Class: article 2023/05/17 v1.4n Standard LaTeX document class
(/usr/local/texlive/2024/texmf-dist/tex/latex/base/size10.clo
File: size10.clo 2023/05/17 v1.4n Standard LaTeX file (size option)
)
\c@part=\count188
\c@section=\count189
\c@subsection=\count190
\c@subsubsection=\count191
\c@paragraph=\count192
\c@subparagraph=\count193
\c@figure=\count194
\c@table=\count195
\abovecaptionskip=\skip48
\belowcaptionskip=\skip49
\bibindent=\dimen140
) (/usr/local/texlive/2024/texmf-dist/tex/latex/geometry/geometry.sty
Package: geometry 2020/01/02 v5.9 Page Geometry
(/usr/local/texlive/2024/texmf-dist/tex/latex/graphics/keyval.sty
Package: keyval 2022/05/29 v1.15 key=value parser (DPC)
\KV@toks@=\toks18
) (/usr/local/texlive/2024/texmf-dist/tex/generic/iftex/ifvtex.sty
Package: ifvtex 2019/10/25 v1.7 ifvtex legacy package. Use iftex instead.
(/usr/local/texlive/2024/texmf-dist/tex/generic/iftex/iftex.sty
Package: iftex 2022/02/03 v1.0f TeX engine tests
))
\Gm@cnth=\count196
\Gm@cntv=\count197
\c@Gm@tempcnt=\count198
\Gm@bindingoffset=\dimen141
\Gm@wd@mp=\dimen142
\Gm@odd@mp=\dimen143
\Gm@even@mp=\dimen144
\Gm@layoutwidth=\dimen145
\Gm@layoutheight=\dimen146
\Gm@layouthoffset=\dimen147
\Gm@layoutvoffset=\dimen148
\Gm@dimlist=\toks19
) (/usr/local/texlive/2024/texmf-dist/tex/latex/base/inputenc.sty
Package: inputenc 2021/02/14 v1.3d Input encoding file
\inpenc@prehook=\toks20
\inpenc@posthook=\toks21
) (/usr/local/texlive/2024/texmf-dist/tex/latex/base/fontenc.sty
Package: fontenc 2021/04/29 v2.0v Standard LaTeX package
) (/usr/local/texlive/2024/texmf-dist/tex/latex/base/textcomp.sty
Package: textcomp 2020/02/02 v2.0n Standard LaTeX package
) (/usr/local/texlive/2024/texmf-dist/tex/latex/amsmath/amsmath.sty
Package: amsmath 2023/05/13 v2.17o AMS math features
\@mathmargin=\skip50
For additional information on amsmath, use the `?' option.
(/usr/local/texlive/2024/texmf-dist/tex/latex/amsmath/amstext.sty
Package: amstext 2021/08/26 v2.01 AMS text
(/usr/local/texlive/2024/texmf-dist/tex/latex/amsmath/amsgen.sty
File: amsgen.sty 1999/11/30 v2.0 generic functions
\@emptytoks=\toks22
\ex@=\dimen149
)) (/usr/local/texlive/2024/texmf-dist/tex/latex/amsmath/amsbsy.sty
Package: amsbsy 1999/11/29 v1.2d Bold Symbols
\pmbraise@=\dimen150
) (/usr/local/texlive/2024/texmf-dist/tex/latex/amsmath/amsopn.sty
Package: amsopn 2022/04/08 v2.04 operator names
)
\inf@bad=\count199
LaTeX Info: Redefining \frac on input line 234.
\uproot@=\count266
\leftroot@=\count267
LaTeX Info: Redefining \overline on input line 399.
LaTeX Info: Redefining \colon on input line 410.
\classnum@=\count268
\DOTSCASE@=\count269
LaTeX Info: Redefining \ldots on input line 496.
LaTeX Info: Redefining \dots on input line 499.
LaTeX Info: Redefining \cdots on input line 620.
\Mathstrutbox@=\box51
\strutbox@=\box52
LaTeX Info: Redefining \big on input line 722.
LaTeX Info: Redefining \Big on input line 723.
LaTeX Info: Redefining \bigg on input line 724.
LaTeX Info: Redefining \Bigg on input line 725.
\big@size=\dimen151
LaTeX Font Info:    Redeclaring font encoding OML on input line 743.
LaTeX Font Info:    Redeclaring font encoding OMS on input line 744.
\macc@depth=\count270
LaTeX Info: Redefining \bmod on input line 905.
LaTeX Info: Redefining \pmod on input line 910.
LaTeX Info: Redefining \smash on input line 940.
LaTeX Info: Redefining \relbar on input line 970.
LaTeX Info: Redefining \Relbar on input line 971.
\c@MaxMatrixCols=\count271
\dotsspace@=\muskip16
\c@parentequation=\count272
\dspbrk@lvl=\count273
\tag@help=\toks23
\row@=\count274
\column@=\count275
\maxfields@=\count276
\andhelp@=\toks24
\eqnshift@=\dimen152
\alignsep@=\dimen153
\tagshift@=\dimen154
\tagwidth@=\dimen155
\totwidth@=\dimen156
\lineht@=\dimen157
\@envbody=\toks25
\multlinegap=\skip51
\multlinetaggap=\skip52
\mathdisplay@stack=\toks26
LaTeX Info: Redefining \[ on input line 2953.
LaTeX Info: Redefining \] on input line 2954.
) (/usr/local/texlive/2024/texmf-dist/tex/latex/amsfonts/amssymb.sty
Package: amssymb 2013/01/14 v3.01 AMS font symbols
(/usr/local/texlive/2024/texmf-dist/tex/latex/amsfonts/amsfonts.sty
Package: amsfonts 2013/01/14 v3.01 Basic AMSFonts support
\symAMSa=\mathgroup4
\symAMSb=\mathgroup5
LaTeX Font Info:    Redeclaring math symbol \hbar on input line 98.
LaTeX Font Info:    Overwriting math alphabet `\mathfrak' in version `bold'
(Font)                  U/euf/m/n --> U/euf/b/n on input line 106.
)) (/usr/local/texlive/2024/texmf-dist/tex/latex/amscls/amsthm.sty
Package: amsthm 2020/05/29 v2.20.6
\thm@style=\toks27
\thm@bodyfont=\toks28
\thm@headfont=\toks29
\thm@notefont=\toks30
\thm@headpunct=\toks31
\thm@preskip=\skip53
\thm@postskip=\skip54
\thm@headsep=\skip55
\dth@everypar=\toks32
) (/usr/local/texlive/2024/texmf-dist/tex/generic/tex4ht/mathtools-hooks.4ht
version 2024-02-06-12:55
) (/usr/local/texlive/2024/texmf-dist/tex/latex/mathtools/mathtools.sty
Package: mathtools 2024/03/11 v1.30 mathematical typesetting tools
(/usr/local/texlive/2024/texmf-dist/tex/latex/tools/calc.sty
Package: calc 2023/07/08 v4.3 Infix arithmetic (KKT,FJ)
\calc@Acount=\count277
\calc@Bcount=\count278
\calc@Adimen=\dimen158
\calc@Bdimen=\dimen159
\calc@Askip=\skip56
\calc@Bskip=\skip57
LaTeX Info: Redefining \setlength on input line 80.
LaTeX Info: Redefining \addtolength on input line 81.
\calc@Ccount=\count279
\calc@Cskip=\skip58
) (/usr/local/texlive/2024/texmf-dist/tex/latex/mathtools/mhsetup.sty
Package: mhsetup 2021/03/18 v1.4 programming setup (MH)
)
\g_MT_multlinerow_int=\count280
\l_MT_multwidth_dim=\dimen160
\origjot=\skip59
\l_MT_shortvdotswithinadjustabove_dim=\dimen161
\l_MT_shortvdotswithinadjustbelow_dim=\dimen162
\l_MT_above_intertext_sep=\dimen163
\l_MT_below_intertext_sep=\dimen164
\l_MT_above_shortintertext_sep=\dimen165
\l_MT_below_shortintertext_sep=\dimen166
\xmathstrut@box=\box53
\xmathstrut@dim=\dimen167
) (/usr/local/texlive/2024/texmf-dist/tex/latex/tools/bm.sty
Package: bm 2023/07/08 v1.2f Bold Symbol Support (DPC/FMi)
\symboldoperators=\mathgroup6
\symboldletters=\mathgroup7
\symboldsymbols=\mathgroup8
Package bm Info: No bold for \OMX/cmex/m/n, using \pmb.
Package bm Info: No bold for \U/msa/m/n, using \pmb.
Package bm Info: No bold for \U/msb/m/n, using \pmb.
LaTeX Font Info:    Redeclaring math alphabet \mathbf on input line 149.
) (/usr/local/texlive/2024/texmf-dist/tex/generic/tex4ht/hyperref-hooks.4ht
version 2023-09-17-08:01
) (/usr/local/texlive/2024/texmf-dist/tex/latex/hyperref/hyperref.sty
Package: hyperref 2024-01-20 v7.01h Hypertext links for LaTeX
(/usr/local/texlive/2024/texmf-dist/tex/latex/kvsetkeys/kvsetkeys.sty
Package: kvsetkeys 2022-10-05 v1.19 Key value parser (HO)
) (/usr/local/texlive/2024/texmf-dist/tex/generic/kvdefinekeys/kvdefinekeys.sty
Package: kvdefinekeys 2019-12-19 v1.6 Define keys (HO)
) (/usr/local/texlive/2024/texmf-dist/tex/generic/pdfescape/pdfescape.sty
Package: pdfescape 2019/12/09 v1.15 Implements pdfTeX's escape features (HO)
(/usr/local/texlive/2024/texmf-dist/tex/generic/ltxcmds/ltxcmds.sty
Package: ltxcmds 2023-12-04 v1.26 LaTeX kernel commands for general use (HO)
) (/usr/local/texlive/2024/texmf-dist/tex/generic/pdftexcmds/pdftexcmds.sty
Package: pdftexcmds 2020-06-27 v0.33 Utility functions of pdfTeX for LuaTeX (HO
)
(/usr/local/texlive/2024/texmf-dist/tex/generic/infwarerr/infwarerr.sty
Package: infwarerr 2019/12/03 v1.5 Providing info/warning/error messages (HO)
)
Package pdftexcmds Info: \pdf@primitive is available.
Package pdftexcmds Info: \pdf@ifprimitive is available.
Package pdftexcmds Info: \pdfdraftmode is ignored in DVI mode.
)) (/usr/local/texlive/2024/texmf-dist/tex/latex/hycolor/hycolor.sty
Package: hycolor 2020-01-27 v1.10 Color options for hyperref/bookmark (HO)
) (/usr/local/texlive/2024/texmf-dist/tex/latex/auxhook/auxhook.sty
Package: auxhook 2019-12-17 v1.6 Hooks for auxiliary files (HO)

Package auxhook Warning: Cannot patch \document,
(auxhook)                using \AtBeginDocument instead.

) (/usr/local/texlive/2024/texmf-dist/tex/latex/hyperref/nameref.sty
Package: nameref 2023-11-26 v2.56 Cross-referencing by name of section
(/usr/local/texlive/2024/texmf-dist/tex/latex/refcount/refcount.sty
Package: refcount 2019/12/15 v3.6 Data extraction from label references (HO)
)
(/usr/local/texlive/2024/texmf-dist/tex/generic/gettitlestring/gettitlestring.s
ty
Package: gettitlestring 2019/12/15 v1.6 Cleanup title references (HO)
(/usr/local/texlive/2024/texmf-dist/tex/latex/kvoptions/kvoptions.sty
Package: kvoptions 2022-06-15 v3.15 Key value format for package options (HO)
))
\c@section@level=\count281
) (/usr/local/texlive/2024/texmf-dist/tex/latex/etoolbox/etoolbox.sty
Package: etoolbox 2020/10/05 v2.5k e-TeX tools for LaTeX (JAW)
\etb@tempcnta=\count282
)
\@linkdim=\dimen168
\Hy@linkcounter=\count283
\Hy@pagecounter=\count284
(/usr/local/texlive/2024/texmf-dist/tex/latex/hyperref/pd1enc.def
File: pd1enc.def 2024-01-20 v7.01h Hyperref: PDFDocEncoding definition (HO)
Now handling font encoding PD1 ...
... no UTF-8 mapping file for font encoding PD1
) (/usr/local/texlive/2024/texmf-dist/tex/generic/intcalc/intcalc.sty
Package: intcalc 2019/12/15 v1.3 Expandable calculations with integers (HO)
)
\Hy@SavedSpaceFactor=\count285
(/usr/local/texlive/2024/texmf-dist/tex/latex/hyperref/puenc.def
File: puenc.def 2024-01-20 v7.01h Hyperref: PDF Unicode definition (HO)
Now handling font encoding PU ...
... no UTF-8 mapping file for font encoding PU
)
Package hyperref Info: Option `colorlinks' set `true' on input line 4062.
Package hyperref Info: Hyper figures OFF on input line 4179.
Package hyperref Info: Link nesting OFF on input line 4184.
Package hyperref Info: Hyper index ON on input line 4187.
Package hyperref Info: Plain pages OFF on input line 4194.
Package hyperref Info: Backreferencing OFF on input line 4199.
Package hyperref Info: Implicit mode ON; LaTeX internals redefined.
Package hyperref Info: Bookmarks ON on input line 4446.
\c@Hy@tempcnt=\count286
(/usr/local/texlive/2024/texmf-dist/tex/latex/url/url.sty
\Urlmuskip=\muskip17
Package: url 2013/09/16  ver 3.4  Verb mode for urls, etc.
)
LaTeX Info: Redefining \url on input line 4784.
\XeTeXLinkMargin=\dimen169
(/usr/local/texlive/2024/texmf-dist/tex/generic/bitset/bitset.sty
Package: bitset 2019/12/09 v1.3 Handle bit-vector datatype (HO)
(/usr/local/texlive/2024/texmf-dist/tex/generic/bigintcalc/bigintcalc.sty
Package: bigintcalc 2019/12/15 v1.5 Expandable calculations on big integers (HO
)
))
\Fld@menulength=\count287
\Field@Width=\dimen170
\Fld@charsize=\dimen171
\Field@toks=\toks33
Package hyperref Info: Hyper figures OFF on input line 6063.
Package hyperref Info: Link nesting OFF on input line 6068.
Package hyperref Info: Hyper index ON on input line 6071.
Package hyperref Info: backreferencing OFF on input line 6078.
Package hyperref Info: Link coloring ON on input line 6081.
Package hyperref Info: Link coloring with OCG OFF on input line 6088.
Package hyperref Info: PDF/A mode OFF on input line 6093.
(/usr/local/texlive/2024/texmf-dist/tex/latex/base/atbegshi-ltx.sty
Package: atbegshi-ltx 2021/01/10 v1.0c Emulation of the original atbegshi
package with kernel methods
)
\Hy@abspage=\count288

Package hyperref Message: Stopped early.

)
Package hyperref Info: Driver: htex4ht.
(/usr/local/texlive/2024/texmf-dist/tex/latex/hyperref/htex4ht.def
File: htex4ht.def 2024-01-20 v7.01h Hyperref driver for TeX4ht
Package hyperref Info: tex4ht is already loaded.
) (/usr/local/texlive/2024/texmf-dist/tex/generic/tex4ht/tex4ht.4ht
version 2024-01-10-14:44
--------------------------------------
--- Note --- for additional information, use the command line option `info'
--------------------------------------
::::::::::::::::::::::::::::::::::::::::::
 TeX4ht info is available in the log file 
::::::::::::::::::::::::::::::::::::::::::
) (/usr/local/texlive/2024/texmf-dist/tex/generic/tex4ht/tex4ht.sty
version 2024-01-23-13:44
(/usr/local/texlive/2024/texmf-dist/tex/latex/graphics/color.sty
Package: color 2022/01/06 v1.3d Standard LaTeX Color (DPC)
(/usr/local/texlive/2024/texmf-dist/tex/latex/graphics-cfg/color.cfg
File: color.cfg 2016/01/02 v1.6 sample color configuration
)
Package color Info: Driver file: dvips.def on input line 149.
(/usr/local/texlive/2024/texmf-dist/tex/latex/graphics-def/dvips.def
File: dvips.def 2022/09/22 v3.1e Graphics/color driver for dvips
) (/usr/local/texlive/2024/texmf-dist/tex/latex/graphics/dvipsnam.def
File: dvipsnam.def 2016/06/17 v3.0m Driver-dependent file (DPC,SPQR)
) (/usr/local/texlive/2024/texmf-dist/tex/latex/graphics/mathcolor.ltx))
l.870 --- TeX4ht warning --- nonprimitive \everypar ---
--- needs --- tex4ht spectral ---
\tmp:cnt=\count289
\openout15 = `spectral.tmp'.

(./spectral.tmp)
\tmp:dim=\skip60
(./spectral.xref)
\:refout=\write3
\openout3 = `spectral.xref'.

(/usr/local/texlive/2024/texmf-dist/tex/generic/tex4ht/html4.4ht
version 2024-02-29-14:09
--------------------------------------
--- Note --- to remove the <?xml version=...?> processing instruction use the c
ommand line option `no-VERSION'
--------------------------------------
--------------------------------------
--- Note --- to remove the DOCTYPE declaration use the command line option `no-
DOCTYPE'
--------------------------------------
) (/usr/local/texlive/2024/texmf-dist/tex/generic/tex4ht/unicode.4ht
version 2023-04-02-08:01
) (/usr/local/texlive/2024/texmf-dist/tex/generic/tex4ht/html4-math.4ht
version 2022-10-25-13:59
) (/usr/local/texlive/2024/texmf-dist/tex/generic/tex4ht/svg-option.4ht
version 2018-12-30-09:33
) (/usr/local/texlive/2024/texmf-dist/tex/generic/tex4ht/html5.4ht
version 2023-10-09-13:31
)
--------------------------------------
--- Note --- for marking of the base font, use the command line option `fonts+'

--------------------------------------
--------------------------------------
--- Note --- for non active _, use the command line option `no_'
--------------------------------------
--------------------------------------
--- Note --- for _ of catcode 13, use the command line option `_13'
--------------------------------------
--------------------------------------
--- Note --- for non active ^, use the command line option `no^'
--------------------------------------
--------------------------------------
--- Note --- for ^ of catcode 13, use the command line option `^13'
--------------------------------------
(/usr/local/texlive/2024/texmf-dist/tex/generic/tex4ht/html4.4ht
version 2024-02-29-14:09
--------------------------------------
--- Note --- to ignore CSS font decoration, use the `NoFonts' command line opti
on
--------------------------------------
--------------------------------------
--- Note --- for jpg bitmaps of pictures, use the `jpg' command line option. (C
haracter bitmaps are controled only by `g' records of tex4ht.env and `-g' switc
hes of tex4ht.c) 
--------------------------------------
--------------------------------------
--- Note --- for gif bitmaps of pictures, use the `gif' command line option. (C
haracter bitmaps are controled only by `g' records of tex4ht.env and `-g' switc
hes of tex4ht.c) 
--------------------------------------
--------------------------------------
--- Note --- for content and toc in 2 frames, use the command line option `fram
es'
--------------------------------------
--------------------------------------
--- Note --- for content, toc, and footnotes in 3 frames, use the command line 
option `frames-fn'
--------------------------------------
--------------------------------------
--- Note --- for file extension name xht, use the command line option `xht'
--------------------------------------
TeX4ht package options: xhtml,tikz+,pic-m,pic-equation,pic-align,svg,charset=ut
f-8,html5,html
--------------------------------------
--- Note --- To print a timestamp, use the command line option timestamp
--------------------------------------
--------------------------------------
--- Note --- to ignore CSS code, use the command line option `-css
--------------------------------------
--------------------------------------
--- Note --- for inline CSS code, use the command line option `css-in'
--------------------------------------
--------------------------------------
--- Note --- for pop ups on mouse over, use the command line option `mouseover'

--------------------------------------
--------------------------------------
--- Note --- for addressing images in a subdirectory, use the command line opti
on `imgdir:.../'
--------------------------------------
) (/usr/local/texlive/2024/texmf-dist/tex/generic/tex4ht/unicode.4ht
version 2023-04-02-08:01
) (/usr/local/texlive/2024/texmf-dist/tex/generic/tex4ht/html4-math.4ht
version 2022-10-25-13:59
) (/usr/local/texlive/2024/texmf-dist/tex/generic/tex4ht/svg-option.4ht
version 2018-12-30-09:33
--------------------------------------
--- Note --- for external SVG files try the command line options `svg-obj' and 
'svg-'
--------------------------------------
) (/usr/local/texlive/2024/texmf-dist/tex/generic/tex4ht/html5.4ht
version 2023-10-09-13:31
--------------------------------------
--- Note --- To print a timestamp, use the command line option timestamp
--------------------------------------
--------------------------------------
--- Note --- We use a default CSS style. Use the `nostyle' option if you want t
o use custom a CSS design
--------------------------------------
)
\:tokwrite=\toks34
\:tokpage=\toks35
--------------------------------------
--- Note --- for back links to toc, use the command line option `sections+'
--------------------------------------
--------------------------------------
--- Note --- for linear crosslinks of pages, use the command line option `next'

--------------------------------------
\openout15 = `spectral.4ct'.

\:tocout=\write4
\openout4 = `spectral.4tc'.

(spectral.4tc) (/usr/local/texlive/2024/texmf-dist/tex/generic/tex4ht/html4.4ht
version 2024-02-29-14:09
) (/usr/local/texlive/2024/texmf-dist/tex/generic/tex4ht/unicode.4ht
version 2023-04-02-08:01
) (/usr/local/texlive/2024/texmf-dist/tex/generic/tex4ht/html4-math.4ht
version 2022-10-25-13:59
) (/usr/local/texlive/2024/texmf-dist/tex/generic/tex4ht/svg-option.4ht
version 2018-12-30-09:33
) (/usr/local/texlive/2024/texmf-dist/tex/generic/tex4ht/html5.4ht
version 2023-10-09-13:31
) (/usr/local/texlive/2024/texmf-dist/tex/generic/tex4ht/latex.4ht
version 2024-02-26-13:19
LaTeX Info: Redefining \_ on input line 180.
LaTeX Info: Redefining \begin on input line 598.
LaTeX Info: Redefining \end on input line 646.
LaTeX Info: Redefining \, on input line 808.
LaTeX Info: Redefining \; on input line 809.
LaTeX Info: Redefining \! on input line 810.
LaTeX Info: Redefining \: on input line 811.
LaTeX Info: Redefining \> on input line 812.
--------------------------------------
--- Note --- for links into captions, instead of float heads, use the command l
ine option `refcaption'
--------------------------------------
(/usr/local/texlive/2024/texmf-dist/tex/generic/tex4ht/html4.4ht
version 2024-02-29-14:09
) (/usr/local/texlive/2024/texmf-dist/tex/generic/tex4ht/unicode.4ht
version 2023-04-02-08:01
) (/usr/local/texlive/2024/texmf-dist/tex/generic/tex4ht/html4-math.4ht
version 2022-10-25-13:59
) (/usr/local/texlive/2024/texmf-dist/tex/generic/tex4ht/svg-option.4ht
version 2018-12-30-09:33
) (/usr/local/texlive/2024/texmf-dist/tex/generic/tex4ht/html5.4ht
version 2023-10-09-13:31
) (/usr/local/texlive/2024/texmf-dist/tex/generic/tex4ht/html4.4ht
version 2024-02-29-14:09
--------------------------------------
--- Note --- For mini tocs immediately aftter the header use the command line o
ption `minitoc<'
--------------------------------------
--------------------------------------
--- Note --- for enumerated list elements with valued data, use the command lin
e option `enumerate+'
--------------------------------------
--------------------------------------
--- Note --- for enumerated list elements li's with value attributes, use the c
ommand line option `enumerate-'
--------------------------------------
--------------------------------------
--- Note --- for CSS2 code, use the command line option `css2'
--------------------------------------
--------------------------------------
--- Note --- for pictorial tabular, use the command line option `pic-tabular'
--------------------------------------
--------------------------------------
--- Note --- for bitmap fbox'es, use the command line option `pic-fbox'
--------------------------------------
--------------------------------------
--- Note --- for bitmap framebox'es, use the command line option `pic-framebox'

--------------------------------------
--------------------------------------
--- Note --- for inline footnotes use command line option `fn-in'
--------------------------------------
--------------------------------------
--- Note --- for tracing of latex font commands, use the command line option `f
onts'
--------------------------------------
--------------------------------------
--- Note --- for width specifications of tabular p entries, use the `p-width' c
ommand line option or a configuration similar to \Configure{HColWidth}{\HCode{ 
style="width:\HColWidth"}}
--------------------------------------
) (/usr/local/texlive/2024/texmf-dist/tex/generic/tex4ht/unicode.4ht
version 2023-04-02-08:01
) (/usr/local/texlive/2024/texmf-dist/tex/generic/tex4ht/html4-math.4ht
version 2022-10-25-13:59
--------------------------------------
--- Note --- for pictorial eqnarray, use the command line option `pic-eqnarray'

--------------------------------------
--------------------------------------
--- Note --- for pictorial array, use the command line option `pic-array'
--------------------------------------
--------------------------------------
--- Note --- for pictorial $...$ and $$...$$ environments with latex alt, use t
he command line option `pic-m+' (not safe!!)
--------------------------------------
--------------------------------------
--- Note --- for pictorial array, use the command line option `pic-array'
--------------------------------------
) (/usr/local/texlive/2024/texmf-dist/tex/generic/tex4ht/svg-option.4ht
version 2018-12-30-09:33
) (/usr/local/texlive/2024/texmf-dist/tex/generic/tex4ht/html5.4ht
version 2023-10-09-13:31
)) (/usr/local/texlive/2024/texmf-dist/tex/generic/tex4ht/fontmath.4ht
version 2022-10-25-13:59
(/usr/local/texlive/2024/texmf-dist/tex/generic/tex4ht/html4.4ht
version 2024-02-29-14:09
) (/usr/local/texlive/2024/texmf-dist/tex/generic/tex4ht/unicode.4ht
version 2023-04-02-08:01
) (/usr/local/texlive/2024/texmf-dist/tex/generic/tex4ht/html4-math.4ht
version 2022-10-25-13:59
) (/usr/local/texlive/2024/texmf-dist/tex/generic/tex4ht/svg-option.4ht
version 2018-12-30-09:33
) (/usr/local/texlive/2024/texmf-dist/tex/generic/tex4ht/html5.4ht
version 2023-10-09-13:31
)) (/usr/local/texlive/2024/texmf-dist/tex/generic/tex4ht/article.4ht
version 2023-04-10-13:46
(/usr/local/texlive/2024/texmf-dist/tex/generic/tex4ht/html4.4ht
version 2024-02-29-14:09
--------------------------------------
--- Note --- for automatic sectioning pagination, use the command line option `
1', `2', `3', '4', '5', '6', or '7'
--------------------------------------
--------------------------------------
--- Note --- for files named derived from section titles, use the command line 
option `sec-filename'
--------------------------------------
--------------------------------------
--- Note --- for i-columns index, use the command line option `index=i' (e.g., 
index=2)
--------------------------------------
) (/usr/local/texlive/2024/texmf-dist/tex/generic/tex4ht/unicode.4ht
version 2023-04-02-08:01
) (/usr/local/texlive/2024/texmf-dist/tex/generic/tex4ht/html4-math.4ht
version 2022-10-25-13:59
) (/usr/local/texlive/2024/texmf-dist/tex/generic/tex4ht/svg-option.4ht
version 2018-12-30-09:33
) (/usr/local/texlive/2024/texmf-dist/tex/generic/tex4ht/html5.4ht
version 2023-10-09-13:31
)) (/usr/local/texlive/2024/texmf-dist/tex/generic/tex4ht/geometry.4ht
version 2016-07-01-08:55
(/usr/local/texlive/2024/texmf-dist/tex/generic/tex4ht/html4.4ht
version 2024-02-29-14:09
) (/usr/local/texlive/2024/texmf-dist/tex/generic/tex4ht/unicode.4ht
version 2023-04-02-08:01
) (/usr/local/texlive/2024/texmf-dist/tex/generic/tex4ht/html4-math.4ht
version 2022-10-25-13:59
) (/usr/local/texlive/2024/texmf-dist/tex/generic/tex4ht/svg-option.4ht
version 2018-12-30-09:33
) (/usr/local/texlive/2024/texmf-dist/tex/generic/tex4ht/html5.4ht
version 2023-10-09-13:31
)) (/usr/local/texlive/2024/texmf-dist/tex/generic/tex4ht/inputenc.4ht
version 2009-05-21-09:32
(/usr/local/texlive/2024/texmf-dist/tex/generic/tex4ht/html4.4ht
version 2024-02-29-14:09
) (/usr/local/texlive/2024/texmf-dist/tex/generic/tex4ht/unicode.4ht
version 2023-04-02-08:01
) (/usr/local/texlive/2024/texmf-dist/tex/generic/tex4ht/html4-math.4ht
version 2022-10-25-13:59
) (/usr/local/texlive/2024/texmf-dist/tex/generic/tex4ht/svg-option.4ht
version 2018-12-30-09:33
) (/usr/local/texlive/2024/texmf-dist/tex/generic/tex4ht/html5.4ht
version 2023-10-09-13:31
)) (/usr/local/texlive/2024/texmf-dist/tex/generic/tex4ht/amsmath.4ht
version 2023-08-13-13:20
\tmp:muskip=\muskip18
(/usr/local/texlive/2024/texmf-dist/tex/generic/tex4ht/html4.4ht
version 2024-02-29-14:09
) (/usr/local/texlive/2024/texmf-dist/tex/generic/tex4ht/unicode.4ht
version 2023-04-02-08:01
) (/usr/local/texlive/2024/texmf-dist/tex/generic/tex4ht/html4-math.4ht
version 2022-10-25-13:59
LaTeX Info: Redefining \[ on input line 507.
LaTeX Info: Redefining \] on input line 507.
) (/usr/local/texlive/2024/texmf-dist/tex/generic/tex4ht/svg-option.4ht
version 2018-12-30-09:33
) (/usr/local/texlive/2024/texmf-dist/tex/generic/tex4ht/html5.4ht
version 2023-10-09-13:31
)) (/usr/local/texlive/2024/texmf-dist/tex/generic/tex4ht/amstext.4ht
version 2009-05-21-09:32
(/usr/local/texlive/2024/texmf-dist/tex/generic/tex4ht/html4.4ht
version 2024-02-29-14:09
) (/usr/local/texlive/2024/texmf-dist/tex/generic/tex4ht/unicode.4ht
version 2023-04-02-08:01
) (/usr/local/texlive/2024/texmf-dist/tex/generic/tex4ht/html4-math.4ht
version 2022-10-25-13:59
) (/usr/local/texlive/2024/texmf-dist/tex/generic/tex4ht/svg-option.4ht
version 2018-12-30-09:33
) (/usr/local/texlive/2024/texmf-dist/tex/generic/tex4ht/html5.4ht
version 2023-10-09-13:31
)) (/usr/local/texlive/2024/texmf-dist/tex/generic/tex4ht/amsbsy.4ht
version 2009-05-21-09:32
(/usr/local/texlive/2024/texmf-dist/tex/generic/tex4ht/html4.4ht
version 2024-02-29-14:09
) (/usr/local/texlive/2024/texmf-dist/tex/generic/tex4ht/unicode.4ht
version 2023-04-02-08:01
) (/usr/local/texlive/2024/texmf-dist/tex/generic/tex4ht/html4-math.4ht
version 2022-10-25-13:59
) (/usr/local/texlive/2024/texmf-dist/tex/generic/tex4ht/svg-option.4ht
version 2018-12-30-09:33
) (/usr/local/texlive/2024/texmf-dist/tex/generic/tex4ht/html5.4ht
version 2023-10-09-13:31
)) (/usr/local/texlive/2024/texmf-dist/tex/generic/tex4ht/amsopn.4ht
version 2009-05-21-09:32
(/usr/local/texlive/2024/texmf-dist/tex/generic/tex4ht/html4.4ht
version 2024-02-29-14:09
) (/usr/local/texlive/2024/texmf-dist/tex/generic/tex4ht/unicode.4ht
version 2023-04-02-08:01
) (/usr/local/texlive/2024/texmf-dist/tex/generic/tex4ht/html4-math.4ht
version 2022-10-25-13:59
) (/usr/local/texlive/2024/texmf-dist/tex/generic/tex4ht/svg-option.4ht
version 2018-12-30-09:33
) (/usr/local/texlive/2024/texmf-dist/tex/generic/tex4ht/html5.4ht
version 2023-10-09-13:31
)) (/usr/local/texlive/2024/texmf-dist/tex/generic/tex4ht/amssymb.4ht
version 2009-05-21-09:32
(/usr/local/texlive/2024/texmf-dist/tex/generic/tex4ht/html4.4ht
version 2024-02-29-14:09
) (/usr/local/texlive/2024/texmf-dist/tex/generic/tex4ht/unicode.4ht
version 2023-04-02-08:01
) (/usr/local/texlive/2024/texmf-dist/tex/generic/tex4ht/html4-math.4ht
version 2022-10-25-13:59
) (/usr/local/texlive/2024/texmf-dist/tex/generic/tex4ht/svg-option.4ht
version 2018-12-30-09:33
) (/usr/local/texlive/2024/texmf-dist/tex/generic/tex4ht/html5.4ht
version 2023-10-09-13:31
)) (/usr/local/texlive/2024/texmf-dist/tex/generic/tex4ht/amsfonts.4ht
version 2009-05-21-09:32
(/usr/local/texlive/2024/texmf-dist/tex/generic/tex4ht/html4.4ht
version 2024-02-29-14:09
) (/usr/local/texlive/2024/texmf-dist/tex/generic/tex4ht/unicode.4ht
version 2023-04-02-08:01
) (/usr/local/texlive/2024/texmf-dist/tex/generic/tex4ht/html4-math.4ht
version 2022-10-25-13:59
) (/usr/local/texlive/2024/texmf-dist/tex/generic/tex4ht/svg-option.4ht
version 2018-12-30-09:33
) (/usr/local/texlive/2024/texmf-dist/tex/generic/tex4ht/html5.4ht
version 2023-10-09-13:31
)) (/usr/local/texlive/2024/texmf-dist/tex/generic/tex4ht/amsthm.4ht
version 2009-05-21-09:32
(/usr/local/texlive/2024/texmf-dist/tex/generic/tex4ht/html4.4ht
version 2024-02-29-14:09
) (/usr/local/texlive/2024/texmf-dist/tex/generic/tex4ht/unicode.4ht
version 2023-04-02-08:01
) (/usr/local/texlive/2024/texmf-dist/tex/generic/tex4ht/html4-math.4ht
version 2022-10-25-13:59
) (/usr/local/texlive/2024/texmf-dist/tex/generic/tex4ht/svg-option.4ht
version 2018-12-30-09:33
) (/usr/local/texlive/2024/texmf-dist/tex/generic/tex4ht/html5.4ht
version 2023-10-09-13:31
)) (/usr/local/texlive/2024/texmf-dist/tex/generic/tex4ht/mathtools.4ht
version 2021-06-20-09:36
(/usr/local/texlive/2024/texmf-dist/tex/generic/tex4ht/html4.4ht
version 2024-02-29-14:09
) (/usr/local/texlive/2024/texmf-dist/tex/generic/tex4ht/unicode.4ht
version 2023-04-02-08:01
) (/usr/local/texlive/2024/texmf-dist/tex/generic/tex4ht/html4-math.4ht
version 2022-10-25-13:59
) (/usr/local/texlive/2024/texmf-dist/tex/generic/tex4ht/svg-option.4ht
version 2018-12-30-09:33
) (/usr/local/texlive/2024/texmf-dist/tex/generic/tex4ht/html5.4ht
version 2023-10-09-13:31
)) (/usr/local/texlive/2024/texmf-dist/tex/generic/tex4ht/bm.4ht
version 2009-05-21-09:32
(/usr/local/texlive/2024/texmf-dist/tex/generic/tex4ht/html4.4ht
version 2024-02-29-14:09
) (/usr/local/texlive/2024/texmf-dist/tex/generic/tex4ht/unicode.4ht
version 2023-04-02-08:01
) (/usr/local/texlive/2024/texmf-dist/tex/generic/tex4ht/html4-math.4ht
version 2022-10-25-13:59
) (/usr/local/texlive/2024/texmf-dist/tex/generic/tex4ht/svg-option.4ht
version 2018-12-30-09:33
) (/usr/local/texlive/2024/texmf-dist/tex/generic/tex4ht/html5.4ht
version 2023-10-09-13:31
)) (/usr/local/texlive/2024/texmf-dist/tex/generic/tex4ht/hyperref.4ht
version 2024-02-29-14:08
LaTeX Info: Redefining \autoref on input line 88.
\Hy@SectionHShift=\skip61
(/usr/local/texlive/2024/texmf-dist/tex/generic/tex4ht/html4.4ht
version 2024-02-29-14:09
) (/usr/local/texlive/2024/texmf-dist/tex/generic/tex4ht/unicode.4ht
version 2023-04-02-08:01
) (/usr/local/texlive/2024/texmf-dist/tex/generic/tex4ht/html4-math.4ht
version 2022-10-25-13:59
) (/usr/local/texlive/2024/texmf-dist/tex/generic/tex4ht/svg-option.4ht
version 2018-12-30-09:33
) (/usr/local/texlive/2024/texmf-dist/tex/generic/tex4ht/html5.4ht
version 2023-10-09-13:31
)) (/usr/local/texlive/2024/texmf-dist/tex/generic/tex4ht/nameref.4ht
version 2022-12-30-15:46
(/usr/local/texlive/2024/texmf-dist/tex/generic/tex4ht/html4.4ht
version 2024-02-29-14:09
) (/usr/local/texlive/2024/texmf-dist/tex/generic/tex4ht/unicode.4ht
version 2023-04-02-08:01
) (/usr/local/texlive/2024/texmf-dist/tex/generic/tex4ht/html4-math.4ht
version 2022-10-25-13:59
) (/usr/local/texlive/2024/texmf-dist/tex/generic/tex4ht/svg-option.4ht
version 2018-12-30-09:33
) (/usr/local/texlive/2024/texmf-dist/tex/generic/tex4ht/html5.4ht
version 2023-10-09-13:31
)) (/usr/local/texlive/2024/texmf-dist/tex/generic/tex4ht/pd1enc.4ht
version 2009-05-21-09:32
(/usr/local/texlive/2024/texmf-dist/tex/generic/tex4ht/html4.4ht
version 2024-02-29-14:09
) (/usr/local/texlive/2024/texmf-dist/tex/generic/tex4ht/unicode.4ht
version 2023-04-02-08:01
) (/usr/local/texlive/2024/texmf-dist/tex/generic/tex4ht/html4-math.4ht
version 2022-10-25-13:59
) (/usr/local/texlive/2024/texmf-dist/tex/generic/tex4ht/svg-option.4ht
version 2018-12-30-09:33
) (/usr/local/texlive/2024/texmf-dist/tex/generic/tex4ht/html5.4ht
version 2023-10-09-13:31
)) (/usr/local/texlive/2024/texmf-dist/tex/generic/tex4ht/url.4ht
version 2023-02-19-10:11
(/usr/local/texlive/2024/texmf-dist/tex/generic/tex4ht/html4.4ht
version 2024-02-29-14:09
--------------------------------------
--- Note --- for URL encoding within href use the command line option `url-enc'

--------------------------------------
) (/usr/local/texlive/2024/texmf-dist/tex/generic/tex4ht/unicode.4ht
version 2023-04-02-08:01
) (/usr/local/texlive/2024/texmf-dist/tex/generic/tex4ht/html4-math.4ht
version 2022-10-25-13:59
) (/usr/local/texlive/2024/texmf-dist/tex/generic/tex4ht/svg-option.4ht
version 2018-12-30-09:33
) (/usr/local/texlive/2024/texmf-dist/tex/generic/tex4ht/html5.4ht
version 2023-10-09-13:31
)) (/usr/local/texlive/2024/texmf-dist/tex/generic/tex4ht/color.4ht
version 2022-02-01-14:27
(/usr/local/texlive/2024/texmf-dist/tex/generic/tex4ht/html4.4ht
version 2024-02-29-14:09
) (/usr/local/texlive/2024/texmf-dist/tex/generic/tex4ht/unicode.4ht
version 2023-04-02-08:01
) (/usr/local/texlive/2024/texmf-dist/tex/generic/tex4ht/html4-math.4ht
version 2022-10-25-13:59
) (/usr/local/texlive/2024/texmf-dist/tex/generic/tex4ht/svg-option.4ht
version 2018-12-30-09:33
) (/usr/local/texlive/2024/texmf-dist/tex/generic/tex4ht/html5.4ht
version 2023-10-09-13:31
)) (/usr/local/texlive/2024/texmf-dist/tex/generic/tex4ht/dvips.4ht
version 2009-05-21-09:32
(/usr/local/texlive/2024/texmf-dist/tex/generic/tex4ht/html4.4ht
version 2024-02-29-14:09
) (/usr/local/texlive/2024/texmf-dist/tex/generic/tex4ht/unicode.4ht
version 2023-04-02-08:01
) (/usr/local/texlive/2024/texmf-dist/tex/generic/tex4ht/html4-math.4ht
version 2022-10-25-13:59
) (/usr/local/texlive/2024/texmf-dist/tex/generic/tex4ht/svg-option.4ht
version 2018-12-30-09:33
) (/usr/local/texlive/2024/texmf-dist/tex/generic/tex4ht/html5.4ht
version 2023-10-09-13:31
)) (/usr/local/texlive/2024/texmf-dist/tex/generic/tex4ht/dvipsnam.4ht
version 2009-05-21-09:32
(/usr/local/texlive/2024/texmf-dist/tex/latex/graphics/dvipsnam.def) (/usr/loca
l/texlive/2024/texmf-dist/tex/generic/tex4ht/html4.4ht
version 2024-02-29-14:09
) (/usr/local/texlive/2024/texmf-dist/tex/generic/tex4ht/unicode.4ht
version 2023-04-02-08:01
) (/usr/local/texlive/2024/texmf-dist/tex/generic/tex4ht/html4-math.4ht
version 2022-10-25-13:59
) (/usr/local/texlive/2024/texmf-dist/tex/generic/tex4ht/svg-option.4ht
version 2018-12-30-09:33
) (/usr/local/texlive/2024/texmf-dist/tex/generic/tex4ht/html5.4ht
version 2023-10-09-13:31
)) (/usr/local/texlive/2024/texmf-dist/tex/generic/tex4ht/html4.4ht
version 2024-02-29-14:09
) (/usr/local/texlive/2024/texmf-dist/tex/generic/tex4ht/unicode.4ht
version 2023-04-02-08:01
) (/usr/local/texlive/2024/texmf-dist/tex/generic/tex4ht/html4-math.4ht
version 2022-10-25-13:59
) (/usr/local/texlive/2024/texmf-dist/tex/generic/tex4ht/svg-option.4ht
version 2018-12-30-09:33
) (/usr/local/texlive/2024/texmf-dist/tex/generic/tex4ht/html5.4ht
version 2023-10-09-13:31
)) (/usr/local/texlive/2024/texmf-dist/tex/latex/l3backend/l3backend-dvips.def
File: l3backend-dvips.def 2024-02-20 L3 backend support: dvips
\l__pdf_internal_box=\box54
\g__pdf_backend_object_int=\count290
\l__pdf_backend_content_box=\box55
\l__pdf_backend_model_box=\box56
\g__pdf_backend_annotation_int=\count291
\g__pdf_backend_link_int=\count292
\g__pdf_backend_link_sf_int=\count293
) (./spectral.aux)
\openout1 = `spectral.aux'.

LaTeX Font Info:    Checking defaults for OML/cmm/m/it on input line 62.
LaTeX Font Info:    ... okay on input line 62.
LaTeX Font Info:    Checking defaults for OMS/cmsy/m/n on input line 62.
LaTeX Font Info:    ... okay on input line 62.
LaTeX Font Info:    Checking defaults for OT1/cmr/m/n on input line 62.
LaTeX Font Info:    ... okay on input line 62.
LaTeX Font Info:    Checking defaults for T1/cmr/m/n on input line 62.
LaTeX Font Info:    ... okay on input line 62.
LaTeX Font Info:    Checking defaults for TS1/cmr/m/n on input line 62.
LaTeX Font Info:    ... okay on input line 62.
LaTeX Font Info:    Checking defaults for OMX/cmex/m/n on input line 62.
LaTeX Font Info:    ... okay on input line 62.
LaTeX Font Info:    Checking defaults for U/cmr/m/n on input line 62.
LaTeX Font Info:    ... okay on input line 62.
LaTeX Font Info:    Checking defaults for PD1/pdf/m/n on input line 62.
LaTeX Font Info:    ... okay on input line 62.
LaTeX Font Info:    Checking defaults for PU/pdf/m/n on input line 62.
LaTeX Font Info:    ... okay on input line 62.
*geometry* driver: auto-detecting
*geometry* detected driver: dvips
*geometry* verbose mode - [ preamble ] result:
* driver: dvips
* paper: a4paper
* layout: <same size as paper>
* layoutoffset:(h,v)=(0.0pt,0.0pt)
* modes: 
* h-part:(L,W,R)=(108.405pt, 380.69788pt, 108.405pt)
* v-part:(T,H,B)=(108.405pt, 628.23685pt, 108.405pt)
* \paperwidth=597.50787pt
* \paperheight=845.04684pt
* \textwidth=380.69788pt
* \textheight=628.23685pt
* \oddsidemargin=0.0pt
* \evensidemargin=0.0pt
* \topmargin=-0.86499pt
* \headheight=12.0pt
* \headsep=25.0pt
* \topskip=10.0pt
* \footskip=30.0pt
* \marginparwidth=57.0pt
* \marginparsep=11.0pt
* \columnsep=10.0pt
* \skip\footins=9.0pt plus 4.0pt minus 2.0pt
* \hoffset=0.0pt
* \voffset=0.0pt
* \mag=1000
* \@twocolumnfalse
* \@twosidefalse
* \@mparswitchfalse
* \@reversemarginfalse
* (1in=72.27pt=25.4mm, 1cm=28.453pt)

(/usr/local/texlive/2024/texmf-dist/tex/latex/graphics/graphicx.sty
Package: graphicx 2021/09/16 v1.2d Enhanced LaTeX Graphics (DPC,SPQR)
(/usr/local/texlive/2024/texmf-dist/tex/generic/tex4ht/graphics-hooks.4ht
version 2022-08-17-14:25
) (/usr/local/texlive/2024/texmf-dist/tex/latex/graphics/graphics.sty
Package: graphics 2022/03/10 v1.4e Standard LaTeX Graphics (DPC,SPQR)
(/usr/local/texlive/2024/texmf-dist/tex/latex/graphics/trig.sty
Package: trig 2021/08/11 v1.11 sin cos tan (DPC)
) (/usr/local/texlive/2024/texmf-dist/tex/latex/graphics-cfg/graphics.cfg
File: graphics.cfg 2016/06/04 v1.11 sample graphics configuration
)
Package graphics Info: Driver file: dvips.def on input line 107.
)
\Gin@req@height=\dimen172
\Gin@req@width=\dimen173
)
Package hyperref Info: Link coloring ON on input line 62.
--- file spectral.css ---
[1

] [2]
LaTeX Font Info:    Trying to load font information for U+msa on input line 63.

(/usr/local/texlive/2024/texmf-dist/tex/latex/amsfonts/umsa.fd
File: umsa.fd 2013/01/14 v3.01 AMS symbols A
)
LaTeX Font Info:    Trying to load font information for U+msb on input line 63.

(/usr/local/texlive/2024/texmf-dist/tex/latex/amsfonts/umsb.fd
File: umsb.fd 2013/01/14 v3.01 AMS symbols B
)
l. 76 Writing spectral.idv[1] (spectral0x.svg)
LaTeX Font Info:    Trying to load font information for T1+cmtt on input line 8
6.
(/usr/local/texlive/2024/texmf-dist/tex/latex/base/t1cmtt.fd
File: t1cmtt.fd 2023/04/13 v2.5m Standard LaTeX font definitions
)
l. 92 Writing spectral.idv[2] (spectral1x.svg)
l. 95 Writing spectral.idv[3] (spectral2x.svg)
l. 96 Writing spectral.idv[4] (spectral3x.svg)
l. 101 Writing spectral.idv[5] (spectral4x.svg)
l. 102 Writing spectral.idv[6] (spectral5x.svg)
l. 102 Writing spectral.idv[7] (spectral6x.svg)
l. 104 Writing spectral.idv[8] (spectral7x.svg)
[3]
l. 106 Writing spectral.idv[9] (spectral8x.svg)
l. 111 Writing spectral.idv[10] (spectral9x.svg)
l. 115 Writing spectral.idv[11] (spectral10x.svg)
l. 115 Writing spectral.idv[12] (spectral11x.svg)
l. 116 Writing spectral.idv[13] (spectral12x.svg)
l. 116 Writing spectral.idv[14] (spectral13x.svg)
l. 117 Writing spectral.idv[15] (spectral14x.svg)
l. 123 Writing spectral.idv[16] (spectral15x.svg)
l. 124 Writing spectral.idv[17] (spectral16x.svg)
l. 126 Writing spectral.idv[18] (spectral17x.svg)
l. 132 Writing spectral.idv[19] (spectral18x.svg)
l. 133 Writing spectral.idv[20] (spectral19x.svg)
l. 134 Writing spectral.idv[21] (spectral20x.svg)
l. 135 Writing spectral.idv[22] (spectral21x.svg)
l. 139 Writing spectral.idv[23] (spectral22x.svg)
l. 140 Writing spectral.idv[24] (spectral23x.svg)
[4]
l. 143 Writing spectral.idv[25] (spectral24x.svg)
l. 145 Writing spectral.idv[26] (spectral25x.svg)
l. 148 Writing spectral.idv[27] (spectral26x.svg)
l. 158 Writing spectral.idv[28] (spectral27x.svg)
l. 165 Writing spectral.idv[29] (spectral28x.svg)
l. 165 Writing spectral.idv[30] (spectral29x.svg)
l. 165 Writing spectral.idv[31] (spectral30x.svg)
l. 168 Writing spectral.idv[32] (spectral31x.svg)
[5]
l. 174 Writing spectral.idv[33] (spectral32x.svg)
l. 174 Writing spectral.idv[34] (spectral33x.svg)
l. 177 Writing spectral.idv[35] (spectral34x.svg)
l. 181 Writing spectral.idv[36] (spectral35x.svg)
l. 183 Writing spectral.idv[37] (spectral36x.svg)
l. 186 Writing spectral.idv[38] (spectral37x.svg)
l. 188 Writing spectral.idv[39] (spectral38x.svg)
l. 188 Writing spectral.idv[40] (spectral39x.svg)
l. 189 Writing spectral.idv[41] (spectral40x.svg)
l. 189 Writing spectral.idv[42] (spectral41x.svg)
l. 190 Writing spectral.idv[43] (spectral42x.svg)
l. 193 Writing spectral.idv[44] (spectral43x.svg)
l. 193 Writing spectral.idv[45] (spectral44x.svg)
l. 194 Writing spectral.idv[46] (spectral45x.svg)
l. 197 Writing spectral.idv[47] (spectral46x.svg)
l. 198 Writing spectral.idv[48] (spectral47x.svg)
l. 210 Writing spectral.idv[49] (spectral48x.svg)
l. 211 Writing spectral.idv[50] (spectral49x.svg)
l. 211 Writing spectral.idv[51] (spectral50x.svg)
l. 213 Writing spectral.idv[52] (spectral51x.svg)
[6]
l. 218 Writing spectral.idv[53] (spectral52x.svg)
l. 220 Writing spectral.idv[54] (spectral53x.svg)
l. 222 Writing spectral.idv[55] (spectral54x.svg)
l. 227 Writing spectral.idv[56] (spectral55x.svg)
l. 229 Writing spectral.idv[57] (spectral56x.svg)
l. 301 Writing spectral.idv[58] (spectral57x.svg)
l. 302 Writing spectral.idv[59] (spectral58x.svg)
l. 305 Writing spectral.idv[60] (spectral59x.svg)
l. 306 Writing spectral.idv[61] (spectral60x.svg)
[7]
l. 313 Writing spectral.idv[62] (spectral61x.svg)
l. 313 Writing spectral.idv[63] (spectral62x.svg)
l. 316 Writing spectral.idv[64] (spectral63x.svg)
l. 324 Writing spectral.idv[65] (spectral64x.svg)
l. 324 Writing spectral.idv[66] (spectral65x.svg)
l. 327 Writing spectral.idv[67] (spectral66x.svg)
l. 333 Writing spectral.idv[68] (spectral67x.svg)
l. 334 Writing spectral.idv[69] (spectral68x.svg)
l. 334 Writing spectral.idv[70] (spectral69x.svg)
l. 336 Writing spectral.idv[71] (spectral70x.svg)
l. 340 Writing spectral.idv[72] (spectral71x.svg)
l. 345 Writing spectral.idv[73] (spectral72x.svg)
l. 346 Writing spectral.idv[74] (spectral73x.svg)
l. 347 Writing spectral.idv[75] (spectral74x.svg)
l. 348 Writing spectral.idv[76] (spectral75x.svg)
l. 348 Writing spectral.idv[77] (spectral76x.svg)
[8]
l. 352 Writing spectral.idv[78] (spectral77x.svg)
l. 357 Writing spectral.idv[79] (spectral78x.svg)
l. 359 Writing spectral.idv[80] (spectral79x.svg)
l. 374 Writing spectral.idv[81] (spectral80x.svg)
l. 377 Writing spectral.idv[82] (spectral81x.svg)
l. 380 Writing spectral.idv[83] (spectral82x.svg)
l. 382 Writing spectral.idv[84] (spectral83x.svg)
l. 387 Writing spectral.idv[85] (spectral84x.svg)
l. 388 Writing spectral.idv[86] (spectral85x.svg)
l. 390 Writing spectral.idv[87] (spectral86x.svg)
l. 391 Writing spectral.idv[88] (spectral87x.svg)
l. 397 Writing spectral.idv[89] (spectral88x.svg)
[9] [10] (./spectral.aux)
 ***********
LaTeX2e <2023-11-01> patch level 1
L3 programming layer <2024-02-20>
 ***********
 ) 
Here is how much of TeX's memory you used:
 15447 strings out of 474117
 229702 string characters out of 5743708
 1937184 words of memory out of 5000000
 37326 multiletter control sequences out of 15000+600000
 577086 words of font info for 90 fonts, out of 8000000 for 9000
 1141 hyphenation exceptions out of 8191
 80i,13n,96p,834b,571s stack positions out of 10000i,1000n,20000p,200000b,200000s

Output written on spectral.dvi (10 pages, 57280 bytes).
